<?xml version="1.0" encoding="UTF-8"?>
<!-- Generated by org.testng.reporters.JUnitXMLReporter -->
<testsuite ignored="0" hostname="LTIN520647" failures="0" tests="7" name="Default test" time="0.101" errors="0" timestamp="2024-02-26T12:47:13 IST">
  <testcase classname="testbase.Baseclass" name="@BeforeTest setUp" time="-1.708931832989E9">
    <failure type="org.testng.TestNGException" message="
Parameter &amp;apos;browser&amp;apos; is required by BeforeTest on method setUp but has not been marked @Optional or defined
in C:\Users\2303713\AppData\Local\Temp\2\testng-eclipse--1713950133\testng-customsuite.xml">
      <![CDATA[org.testng.TestNGException: 
Parameter 'browser' is required by BeforeTest on method setUp but has not been marked @Optional or defined
in C:\Users\2303713\AppData\Local\Temp\2\testng-eclipse--1713950133\testng-customsuite.xml
at org.testng.internal.Parameters.createParams(Parameters.java:270)
at org.testng.internal.Parameters.createParametersForMethod(Parameters.java:358)
at org.testng.internal.Parameters.createParameters(Parameters.java:700)
at org.testng.internal.Parameters.createConfigurationParameters(Parameters.java:168)
at org.testng.internal.ConfigInvoker.invokeConfigurations(ConfigInvoker.java:302)
at org.testng.TestRunner.invokeTestConfigurations(TestRunner.java:637)
at org.testng.TestRunner.beforeRun(TestRunner.java:627)
at org.testng.TestRunner.run(TestRunner.java:589)
at org.testng.SuiteRunner.runTest(SuiteRunner.java:377)
at org.testng.SuiteRunner.runSequentially(SuiteRunner.java:371)
at org.testng.SuiteRunner.privateRun(SuiteRunner.java:332)
at org.testng.SuiteRunner.run(SuiteRunner.java:276)
at org.testng.SuiteRunnerWorker.runSuite(SuiteRunnerWorker.java:53)
at org.testng.SuiteRunnerWorker.run(SuiteRunnerWorker.java:96)
at org.testng.TestNG.runSuitesSequentially(TestNG.java:1212)
at org.testng.TestNG.runSuitesLocally(TestNG.java:1134)
at org.testng.TestNG.runSuites(TestNG.java:1063)
at org.testng.TestNG.run(TestNG.java:1031)
at org.testng.remote.AbstractRemoteTestNG.run(AbstractRemoteTestNG.java:115)
at org.testng.remote.RemoteTestNG.initAndRun(RemoteTestNG.java:251)
at org.testng.remote.RemoteTestNG.main(RemoteTestNG.java:77)
]]>
    </failure>
  </testcase> <!-- @BeforeTest setUp -->
  <testcase classname="testbase.Baseclass" name="@AfterTest tearDown" time="-1.708931833081E9">
    <skipped/>
  </testcase> <!-- @AfterTest tearDown -->
  <testcase classname="testcase.testcase" name="traveldetails" time="0.0">
    <skipped/>
  </testcase> <!-- traveldetails -->
  <testcase classname="testcase.testcase" name="date_and_travellerdetails" time="0.0">
    <skipped/>
  </testcase> <!-- date_and_travellerdetails -->
  <testcase classname="testcase.testcase" name="medicalcondition" time="0.0">
    <skipped/>
  </testcase> <!-- medicalcondition -->
  <testcase classname="testcase.testcase" name="mobile" time="0.0">
    <skipped/>
  </testcase> <!-- mobile -->
  <testcase classname="testcase.testcase" name="studentplans" time="0.0">
    <skipped/>
  </testcase> <!-- studentplans -->
  <testcase classname="testcase.testcase" name="sortby" time="0.0">
    <skipped/>
  </testcase> <!-- sortby -->
  <testcase classname="testcase.testcase" name="navigate" time="0.0">
    <skipped/>
  </testcase> <!-- navigate -->
</testsuite> <!-- Default test -->
